This is e-upTeX, Version 3.14159265-p3.8.2-u1.25-190908-2.6 (utf8.uptex) (TeX Live 2019/Debian) (preloaded format=uplatex 2023.4.30)  8 DEC 2024 22:16
entering extended mode
 \write18 enabled.
 file:line:error style messages enabled.
 %&-line parsing enabled.
**report.tex
(./report.tex
pLaTeX2e <2020-02-02u03>+2 (based on LaTeX2e <2020-02-02> patch level 2)
L3 programming layer <2020-02-14>
(/usr/share/texlive/texmf-dist/tex/latex/bxjscls/bxjsarticle.cls
Document Class: bxjsarticle 2020/02/15 v1.9k BXJS document classes
(/usr/share/texlive/texmf-dist/tex/latex/tools/calc.sty
Package: calc 2017/05/25 v4.3 Infix arithmetic (KKT,FJ)
\calc@Acount=\count166
\calc@Bcount=\count167
\calc@Adimen=\dimen150
\calc@Bdimen=\dimen151
\calc@Askip=\skip47
\calc@Bskip=\skip48
LaTeX Info: Redefining \setlength on input line 80.
LaTeX Info: Redefining \addtolength on input line 81.
\calc@Ccount=\count168
\calc@Cskip=\skip49
)
(/usr/share/texlive/texmf-dist/tex/latex/graphics/keyval.sty
Package: keyval 2014/10/28 v1.15 key=value parser (DPC)
\KV@toks@=\toks15
)
(/usr/share/texlive/texmf-dist/tex/latex/bxjscls/bxjscompat.sty
Package: bxjscompat 2020/02/15 v1.9k BXJS document classes
)
(/usr/share/texlive/texmf-dist/tex/generic/iftex/ifpdf.sty
Package: ifpdf 2019/10/25 v3.4 ifpdf legacy package. Use iftex instead.

(/usr/share/texlive/texmf-dist/tex/generic/iftex/iftex.sty
Package: iftex 2019/11/07 v1.0c TeX engine tests
))
\stockwidth=\dimen152
\stockheight=\dimen153
\jsc@mpt=\dimen154
\jsc@mmm=\dimen155
\jsZw=\dimen156
\jsc@smallskipamount=\skip50
LaTeX Font Info:    Font shape `JT2/mc/m/n' will be
(Font)              scaled to size 9.6222pt on input line 978.
LaTeX Font Info:    Font shape `JY2/mc/m/n' will be
(Font)              scaled to size 9.6222pt on input line 978.
\fullwidth=\dimen157

(/usr/share/texlive/texmf-dist/tex/latex/geometry/geometry.sty
Package: geometry 2020/01/02 v5.9 Page Geometry

(/usr/share/texlive/texmf-dist/tex/generic/iftex/ifvtex.sty
Package: ifvtex 2019/10/25 v1.7 ifvtex legacy package. Use iftex instead.
)
\Gm@cnth=\count169
\Gm@cntv=\count170
\c@Gm@tempcnt=\count171
\Gm@bindingoffset=\dimen158
\Gm@wd@mp=\dimen159
\Gm@odd@mp=\dimen160
\Gm@even@mp=\dimen161
\Gm@layoutwidth=\dimen162
\Gm@layoutheight=\dimen163
\Gm@layouthoffset=\dimen164
\Gm@layoutvoffset=\dimen165
\Gm@dimlist=\toks16
)
\c@part=\count172
\c@section=\count173
\c@subsection=\count174
\c@subsubsection=\count175
\c@paragraph=\count176
\c@subparagraph=\count177
\@abstractbox=\box61
\c@figure=\count178
\c@table=\count179
\abovecaptionskip=\skip51
\belowcaptionskip=\skip52
\jsc@tocl@width=\dimen166
\@lnumwidth=\dimen167
\bibindent=\dimen168

(/usr/share/texlive/texmf-dist/tex/latex/bxwareki/bxwareki.sty
Package: bxwareki 2019/06/01 v0.6
\c@warekiyear=\count180

(/usr/share/texlive/texmf-dist/tex/latex/bxwareki/bxwareki-cd.def
File: bxwareki-cd.def 2019/06/01 v0.6
))
(/usr/share/texlive/texmf-dist/tex/latex/bxjscls/bxjsja-standard.def
File: bxjsja-standard.def 2020/02/15 v1.9k BXJS document classes

(/usr/share/texlive/texmf-dist/tex/latex/bxjscls/bxjsja-minimal.def
File: bxjsja-minimal.def 2020/02/15 v1.9k BXJS document classes
LaTeX Info: Redefining \textmc on input line 228.
LaTeX Info: Redefining \textgt on input line 229.
LaTeX Font Info:    Font shape `JT2/mc/m/n' will be
(Font)              scaled to size 9.24713pt on input line 233.
LaTeX Font Info:    Font shape `JY2/mc/m/n' will be
(Font)              scaled to size 9.24713pt on input line 233.
)
\symmincho=\mathgroup4
LaTeX Font Info:    Overwriting symbol font `mincho' in version `bold'
(Font)                  JY2/mc/m/n --> JY2/gt/m/n on input line 399.
LaTeX Info: Redefining \textmc on input line 667.
LaTeX Info: Redefining \textgt on input line 668.
))
(/usr/share/texlive/texmf-dist/tex/latex/graphics/graphicx.sty
Package: graphicx 2019/11/30 v1.2a Enhanced LaTeX Graphics (DPC,SPQR)

(/usr/share/texlive/texmf-dist/tex/latex/graphics/graphics.sty
Package: graphics 2019/11/30 v1.4a Standard LaTeX Graphics (DPC,SPQR)

(/usr/share/texlive/texmf-dist/tex/latex/graphics/trig.sty
Package: trig 2016/01/03 v1.10 sin cos tan (DPC)
)
(/usr/share/texlive/texmf-dist/tex/latex/graphics-cfg/graphics.cfg
File: graphics.cfg 2016/06/04 v1.11 sample graphics configuration
)
Package graphics Info: Driver file: dvipdfmx.def on input line 105.

(/usr/share/texlive/texmf-dist/tex/latex/graphics-def/dvipdfmx.def
File: dvipdfmx.def 2017/06/24 v5.0g Graphics/color driver for dvipdfmx
))
\Gin@req@height=\dimen169
\Gin@req@width=\dimen170
)
(/usr/share/texlive/texmf-dist/tex/latex/fancyvrb/fancyvrb.sty
Package: fancyvrb 2020/01/13 v3.5 verbatim text (tvz,hv)
\FV@CodeLineNo=\count181
\FV@InFile=\read2
\FV@TabBox=\box62
\c@FancyVerbLine=\count182
\FV@StepNumber=\count183
\FV@OutFile=\write3
)
(/usr/share/texlive/texmf-dist/tex/latex/spverbatim/spverbatim.sty
Package: spverbatim 2009/08/10 v1.0 Verbatim with breakable spaces
)
(/usr/share/texlive/texmf-dist/tex/latex/l3backend/l3backend-dvipdfmx.def
File: l3backend-dvipdfmx.def 2020-02-03 L3 backend support: dvipdfmx
\g__graphics_track_int=\count184
\l__pdf_internal_box=\box63
\g__pdf_backend_object_int=\count185
\g__pdf_backend_annotation_int=\count186
)
(./report.aux)
\openout1 = `report.aux'.

LaTeX Font Info:    Checking defaults for OML/cmm/m/it on input line 39.
LaTeX Font Info:    ... okay on input line 39.
LaTeX Font Info:    Checking defaults for OMS/cmsy/m/n on input line 39.
LaTeX Font Info:    ... okay on input line 39.
LaTeX Font Info:    Checking defaults for OT1/cmr/m/n on input line 39.
LaTeX Font Info:    ... okay on input line 39.
LaTeX Font Info:    Checking defaults for T1/cmr/m/n on input line 39.
LaTeX Font Info:    ... okay on input line 39.
LaTeX Font Info:    Checking defaults for TS1/cmr/m/n on input line 39.
LaTeX Font Info:    ... okay on input line 39.
LaTeX Font Info:    Checking defaults for OMX/cmex/m/n on input line 39.
LaTeX Font Info:    ... okay on input line 39.
LaTeX Font Info:    Checking defaults for U/cmr/m/n on input line 39.
LaTeX Font Info:    ... okay on input line 39.
LaTeX Font Info:    Checking defaults for JY2/mc/m/n on input line 39.
LaTeX Font Info:    ... okay on input line 39.
LaTeX Font Info:    Checking defaults for JT2/mc/m/n on input line 39.
LaTeX Font Info:    ... okay on input line 39.

*geometry* detected driver: dvipdfm
*geometry* verbose mode - [ preamble ] result:
* driver: dvipdfm
* paper: custom
* layout: <same size as paper>
* layoutoffset:(h,v)=(0.0pt,0.0pt)
* modes: 
* h-part:(L,W,R)=(49.49925pt, 446.67073pt, 49.49925pt)
* v-part:(T,H,B)=(51.96848pt, 654.80318pt, 64.96059pt)
* \paperwidth=597.49146pt
* \paperheight=845.04272pt
* \textwidth=446.67073pt
* \textheight=654.80318pt
* \oddsidemargin=-22.77074pt
* \evensidemargin=-22.77074pt
* \topmargin=-20.30151pt
* \headheight=0.0pt
* \headsep=0.0pt
* \topskip=10.0pt
* \footskip=25.98424pt
* \marginparwidth=0.0pt
* \marginparsep=0.0pt
* \columnsep=18.49426pt
* \skip\footins=16.0pt plus 5.0pt minus 2.0pt
* \hoffset=6.27573pt
* \voffset=6.27573pt
* \mag=1095
* \@twocolumnfalse
* \@twosidefalse
* \@mparswitchfalse
* \@reversemarginfalse
* (1in=72.27pt=25.4mm, 1cm=28.453pt)

LaTeX Font Info:    Font shape `JT2/mc/m/n' will be
(Font)              scaled to size 15.97903pt on input line 40.
LaTeX Font Info:    Font shape `JY2/mc/m/n' will be
(Font)              scaled to size 15.97903pt on input line 40.
LaTeX Font Info:    Font shape `JT2/mc/m/n' will be
(Font)              scaled to size 11.09656pt on input line 40.
LaTeX Font Info:    Font shape `JY2/mc/m/n' will be
(Font)              scaled to size 11.09656pt on input line 40.
LaTeX Font Info:    External font `cmex10' loaded for size
(Font)              <12> on input line 40.
LaTeX Font Info:    External font `cmex10' loaded for size
(Font)              <8> on input line 40.
LaTeX Font Info:    External font `cmex10' loaded for size
(Font)              <6> on input line 40.
LaTeX Font Info:    Font shape `JY2/mc/m/n' will be
(Font)              scaled to size 7.3977pt on input line 40.
LaTeX Font Info:    Font shape `JY2/mc/m/n' will be
(Font)              scaled to size 5.54828pt on input line 40.
LaTeX Font Info:    Font shape `JT2/mc/m/n' will be
(Font)              scaled to size 13.31586pt on input line 45.
LaTeX Font Info:    Font shape `JY2/mc/m/n' will be
(Font)              scaled to size 13.31586pt on input line 45.
LaTeX Font Info:    Font shape `JT2/gt/m/n' will be
(Font)              scaled to size 13.31586pt on input line 45.
LaTeX Font Info:    Font shape `JY2/gt/m/n' will be
(Font)              scaled to size 13.31586pt on input line 45.
LaTeX Font Info:    Font shape `JT2/gt/m/n' will be
(Font)              scaled to size 11.09656pt on input line 68.
LaTeX Font Info:    Font shape `JY2/gt/m/n' will be
(Font)              scaled to size 11.09656pt on input line 68.
Class bxjsarticle Info: Old font command '\bf' is used!!
(bxjsarticle)           The first occurrence is on input line 70.
LaTeX Font Info:    Font shape `JT2/mc/b/n' in size <10> not available
(Font)              Font shape `JT2/mc/bx/n' tried instead on input line 70.
LaTeX Font Info:    Font shape `JT2/mc/bx/n' in size <10> not available
(Font)              Font shape `JT2/gt/m/n' tried instead on input line 70.
LaTeX Font Info:    Font shape `JT2/gt/m/n' will be
(Font)              scaled to size 9.24713pt on input line 70.
LaTeX Font Info:    Font shape `JY2/mc/b/n' in size <10> not available
(Font)              Font shape `JY2/mc/bx/n' tried instead on input line 70.
LaTeX Font Info:    Font shape `JY2/mc/bx/n' in size <10> not available
(Font)              Font shape `JY2/gt/m/n' tried instead on input line 70.
LaTeX Font Info:    Font shape `JY2/gt/m/n' will be
(Font)              scaled to size 9.24713pt on input line 70.
LaTeX Font Info:    Font shape `JT2/mc/m/n' will be
(Font)              scaled to size 8.32242pt on input line 81.
LaTeX Font Info:    Font shape `JY2/mc/m/n' will be
(Font)              scaled to size 8.32242pt on input line 81.
LaTeX Font Info:    Font shape `JT2/gt/m/n' will be
(Font)              scaled to size 8.32242pt on input line 81.
LaTeX Font Info:    Font shape `JY2/gt/m/n' will be
(Font)              scaled to size 8.32242pt on input line 81.
[1

]
Class bxjsarticle Info: Old font command '\tt' is used!!
(bxjsarticle)           The first occurrence is on input line 106.
 [2]
LaTeX Font Info:    Font shape `JT2/gt/m/n' will be
(Font)              scaled to size 7.3977pt on input line 162.
LaTeX Font Info:    Font shape `JY2/gt/m/n' will be
(Font)              scaled to size 7.3977pt on input line 162.
 [3] [4] [5] [6]

Class bxjsarticle Warning: Some old font commands were used in text:
(bxjsarticle)                \tt \bf
(bxjsarticle)              You should note, that since 1994 LaTeX2e provides a
(bxjsarticle)              new font selection scheme called NFSS2 with several
(bxjsarticle)              new, combinable font commands. The class provides
(bxjsarticle)              the old font commands only for compatibility.

(./report.aux) ) 
Here is how much of TeX's memory you used:
 2629 strings out of 482860
 39884 string characters out of 5959290
 286330 words of memory out of 5000000
 17944 multiletter control sequences out of 15000+600000
 543913 words of font info for 84 fonts, out of 8000000 for 9000
 269 hyphenation exceptions out of 8191
 35i,6n,31p,297b,419s stack positions out of 5000i,500n,10000p,200000b,80000s

Output written on report.dvi (6 pages, 20104 bytes).
